# JRE version: OpenJDK Runtime Environment Temurin-17.0.11+9 (17.0.11+9) (build 17.0.11+9)
# Java VM: OpenJDK 64-Bit Server VM Temurin-17.0.11+9 (17.0.11+9, mixed mode, emulated-client, tiered, compressed oops, compressed class ptrs, g1 gc, windows-amd64)
GC Precious Log:
 CPUs: 8 total, 8 available
 Memory: 6091M
 Large Page Support: Disabled
 NUMA Support: Disabled
 Compressed Oops: Enabled (32-bit)
 Heap Region Size: 1M
 Heap Min Capacity: 8M
 Heap Initial Capacity: 96M
 Heap Max Capacity: 1G
 Pre-touch: Disabled
 Parallel Workers: 8
 Concurrent Workers: 2
 Concurrent Refinement Workers: 8
 Periodic GC: Disabled
Heap:
 garbage-first heap   total 89088K, used 26769K [0x00000000c0000000, 0x0000000100000000)
  region size 1024K, 1 young (1024K), 0 survivors (0K)
 Metaspace       used 48238K, committed 48896K, reserved 1114112K
  class space    used 6227K, committed 6464K, reserved 1048576K
GC Heap History (20 events):
Event: 18358.818 GC heap before
{Heap before GC invocations=392 (full 381):
 garbage-first heap   total 89088K, used 26777K [0x00000000c0000000, 0x0000000100000000)
  region size 1024K, 1 young (1024K), 0 survivors (0K)
 Metaspace       used 48238K, committed 48896K, reserved 1114112K
  class space    used 6227K, committed 6464K, reserved 1048576K
}
Event: 18358.847 GC heap after
{Heap after GC invocations=393 (full 382):
 garbage-first heap   total 89088K, used 26769K [0x00000000c0000000, 0x0000000100000000)
  region size 1024K, 0 young (0K), 0 survivors (0K)
 Metaspace       used 48238K, committed 48896K, reserved 1114112K
  class space    used 6227K, committed 6464K, reserved 1048576K
}
Event: 18369.160 GC heap before
{Heap before GC invocations=393 (full 382):
 garbage-first heap   total 89088K, used 26769K [0x00000000c0000000, 0x0000000100000000)
  region size 1024K, 1 young (1024K), 0 survivors (0K)
 Metaspace       used 48238K, committed 48896K, reserved 1114112K
  class space    used 6227K, committed 6464K, reserved 1048576K
}
Event: 18369.190 GC heap after
{Heap after GC invocations=394 (full 383):
 garbage-first heap   total 89088K, used 26769K [0x00000000c0000000, 0x0000000100000000)
  region size 1024K, 0 young (0K), 0 survivors (0K)
 Metaspace       used 48238K, committed 48896K, reserved 1114112K
  class space    used 6227K, committed 6464K, reserved 1048576K
}
Event: 18379.606 GC heap before
{Heap before GC invocations=394 (full 383):
 garbage-first heap   total 89088K, used 26769K [0x00000000c0000000, 0x0000000100000000)
  region size 1024K, 1 young (1024K), 0 survivors (0K)
 Metaspace       used 48238K, committed 48896K, reserved 1114112K
  class space    used 6227K, committed 6464K, reserved 1048576K
}
Event: 18379.658 GC heap after
{Heap after GC invocations=395 (full 384):
 garbage-first heap   total 89088K, used 26769K [0x00000000c0000000, 0x0000000100000000)
  region size 1024K, 0 young (0K), 0 survivors (0K)
 Metaspace       used 48238K, committed 48896K, reserved 1114112K
  class space    used 6227K, committed 6464K, reserved 1048576K
}
Event: 18390.004 GC heap before
{Heap before GC invocations=395 (full 384):
 garbage-first heap   total 89088K, used 26769K [0x00000000c0000000, 0x0000000100000000)
  region size 1024K, 1 young (1024K), 0 survivors (0K)
 Metaspace       used 48238K, committed 48896K, reserved 1114112K
  class space    used 6227K, committed 6464K, reserved 1048576K
}
Event: 18390.042 GC heap after
{Heap after GC invocations=396 (full 385):
 garbage-first heap   total 89088K, used 26769K [0x00000000c0000000, 0x0000000100000000)
  region size 1024K, 0 young (0K), 0 survivors (0K)
 Metaspace       used 48238K, committed 48896K, reserved 1114112K
  class space    used 6227K, committed 6464K, reserved 1048576K
}
Event: 18401.117 GC heap before
{Heap before GC invocations=396 (full 385):
 garbage-first heap   total 89088K, used 26769K [0x00000000c0000000, 0x0000000100000000)
  region size 1024K, 1 young (1024K), 0 survivors (0K)
 Metaspace       used 48238K, committed 48896K, reserved 1114112K
  class space    used 6227K, committed 6464K, reserved 1048576K
}
Event: 18401.181 GC heap after
{Heap after GC invocations=397 (full 386):
 garbage-first heap   total 89088K, used 26769K [0x00000000c0000000, 0x0000000100000000)
  region size 1024K, 0 young (0K), 0 survivors (0K)
 Metaspace       used 48238K, committed 48896K, reserved 1114112K
  class space    used 6227K, committed 6464K, reserved 1048576K
}
Event: 18411.784 GC heap before
{Heap before GC invocations=397 (full 386):
 garbage-first heap   total 89088K, used 26769K [0x00000000c0000000, 0x0000000100000000)
  region size 1024K, 1 young (1024K), 0 survivors (0K)
 Metaspace       used 48238K, committed 48896K, reserved 1114112K
  class space    used 6227K, committed 6464K, reserved 1048576K
}
Event: 18411.849 GC heap after
{Heap after GC invocations=398 (full 387):
 garbage-first heap   total 89088K, used 26769K [0x00000000c0000000, 0x0000000100000000)
  region size 1024K, 0 young (0K), 0 survivors (0K)
 Metaspace       used 48238K, committed 48896K, reserved 1114112K
  class space    used 6227K, committed 6464K, reserved 1048576K
}
Event: 18422.841 GC heap before
{Heap before GC invocations=398 (full 387):
 garbage-first heap   total 89088K, used 26769K [0x00000000c0000000, 0x0000000100000000)
  region size 1024K, 1 young (1024K), 0 survivors (0K)
 Metaspace       used 48238K, committed 48896K, reserved 1114112K
  class space    used 6227K, committed 6464K, reserved 1048576K
}
Event: 18422.906 GC heap after
{Heap after GC invocations=399 (full 388):
 garbage-first heap   total 89088K, used 26769K [0x00000000c0000000, 0x0000000100000000)
  region size 1024K, 0 young (0K), 0 survivors (0K)
 Metaspace       used 48238K, committed 48896K, reserved 1114112K
  class space    used 6227K, committed 6464K, reserved 1048576K
}
Event: 18433.835 GC heap before
{Heap before GC invocations=399 (full 388):
 garbage-first heap   total 89088K, used 26769K [0x00000000c0000000, 0x0000000100000000)
  region size 1024K, 1 young (1024K), 0 survivors (0K)
 Metaspace       used 48238K, committed 48896K, reserved 1114112K
  class space    used 6227K, committed 6464K, reserved 1048576K
}
Event: 18433.901 GC heap after
{Heap after GC invocations=400 (full 389):
 garbage-first heap   total 89088K, used 26769K [0x00000000c0000000, 0x0000000100000000)
  region size 1024K, 0 young (0K), 0 survivors (0K)
 Metaspace       used 48238K, committed 48896K, reserved 1114112K
  class space    used 6227K, committed 6464K, reserved 1048576K
}
Event: 18445.987 GC heap before
{Heap before GC invocations=400 (full 389):
 garbage-first heap   total 89088K, used 26769K [0x00000000c0000000, 0x0000000100000000)
  region size 1024K, 1 young (1024K), 0 survivors (0K)
 Metaspace       used 48238K, committed 48896K, reserved 1114112K
  class space    used 6227K, committed 6464K, reserved 1048576K
}
Event: 18446.054 GC heap after
{Heap after GC invocations=401 (full 390):
 garbage-first heap   total 89088K, used 26769K [0x00000000c0000000, 0x0000000100000000)
  region size 1024K, 0 young (0K), 0 survivors (0K)
 Metaspace       used 48238K, committed 48896K, reserved 1114112K
  class space    used 6227K, committed 6464K, reserved 1048576K
}
Event: 18458.395 GC heap before
{Heap before GC invocations=401 (full 390):
 garbage-first heap   total 89088K, used 26769K [0x00000000c0000000, 0x0000000100000000)
  region size 1024K, 1 young (1024K), 0 survivors (0K)
 Metaspace       used 48238K, committed 48896K, reserved 1114112K
  class space    used 6227K, committed 6464K, reserved 1048576K
}
Event: 18458.482 GC heap after
{Heap after GC invocations=402 (full 391):
 garbage-first heap   total 89088K, used 26769K [0x00000000c0000000, 0x0000000100000000)
  region size 1024K, 0 young (0K), 0 survivors (0K)
 Metaspace       used 48238K, committed 48896K, reserved 1114112K
  class space    used 6227K, committed 6464K, reserved 1048576K
}

