# JRE version: OpenJDK Runtime Environment Temurin-17.0.11+9 (17.0.11+9) (build 17.0.11+9)
# Java VM: OpenJDK 64-Bit Server VM Temurin-17.0.11+9 (17.0.11+9, mixed mode, emulated-client, tiered, compressed oops, compressed class ptrs, g1 gc, windows-amd64)
GC Precious Log:
 CPUs: 8 total, 8 available
 Memory: 6091M
 Large Page Support: Disabled
 NUMA Support: Disabled
 Compressed Oops: Enabled (32-bit)
 Heap Region Size: 1M
 Heap Min Capacity: 8M
 Heap Initial Capacity: 96M
 Heap Max Capacity: 1G
 Pre-touch: Disabled
 Parallel Workers: 8
 Concurrent Workers: 2
 Concurrent Refinement Workers: 8
 Periodic GC: Disabled
Heap:
 garbage-first heap   total 78848K, used 37699K [0x00000000c0000000, 0x0000000100000000)
  region size 1024K, 1 young (1024K), 0 survivors (0K)
 Metaspace       used 59309K, committed 59712K, reserved 1114112K
  class space    used 7370K, committed 7552K, reserved 1048576K
GC Heap History (20 events):
Event: 2927.047 GC heap before
{Heap before GC invocations=263 (full 242):
 garbage-first heap   total 78848K, used 37699K [0x00000000c0000000, 0x0000000100000000)
  region size 1024K, 1 young (1024K), 0 survivors (0K)
 Metaspace       used 59309K, committed 59712K, reserved 1114112K
  class space    used 7370K, committed 7552K, reserved 1048576K
}
Event: 2927.095 GC heap after
{Heap after GC invocations=264 (full 243):
 garbage-first heap   total 78848K, used 37699K [0x00000000c0000000, 0x0000000100000000)
  region size 1024K, 0 young (0K), 0 survivors (0K)
 Metaspace       used 59309K, committed 59712K, reserved 1114112K
  class space    used 7370K, committed 7552K, reserved 1048576K
}
Event: 2937.400 GC heap before
{Heap before GC invocations=264 (full 243):
 garbage-first heap   total 78848K, used 37699K [0x00000000c0000000, 0x0000000100000000)
  region size 1024K, 1 young (1024K), 0 survivors (0K)
 Metaspace       used 59309K, committed 59712K, reserved 1114112K
  class space    used 7370K, committed 7552K, reserved 1048576K
}
Event: 2937.454 GC heap after
{Heap after GC invocations=265 (full 244):
 garbage-first heap   total 78848K, used 37699K [0x00000000c0000000, 0x0000000100000000)
  region size 1024K, 0 young (0K), 0 survivors (0K)
 Metaspace       used 59309K, committed 59712K, reserved 1114112K
  class space    used 7370K, committed 7552K, reserved 1048576K
}
Event: 2948.074 GC heap before
{Heap before GC invocations=265 (full 244):
 garbage-first heap   total 78848K, used 37699K [0x00000000c0000000, 0x0000000100000000)
  region size 1024K, 1 young (1024K), 0 survivors (0K)
 Metaspace       used 59309K, committed 59712K, reserved 1114112K
  class space    used 7370K, committed 7552K, reserved 1048576K
}
Event: 2948.137 GC heap after
{Heap after GC invocations=266 (full 245):
 garbage-first heap   total 78848K, used 37699K [0x00000000c0000000, 0x0000000100000000)
  region size 1024K, 0 young (0K), 0 survivors (0K)
 Metaspace       used 59309K, committed 59712K, reserved 1114112K
  class space    used 7370K, committed 7552K, reserved 1048576K
}
Event: 2958.430 GC heap before
{Heap before GC invocations=266 (full 245):
 garbage-first heap   total 78848K, used 37699K [0x00000000c0000000, 0x0000000100000000)
  region size 1024K, 1 young (1024K), 0 survivors (0K)
 Metaspace       used 59309K, committed 59712K, reserved 1114112K
  class space    used 7370K, committed 7552K, reserved 1048576K
}
Event: 2958.475 GC heap after
{Heap after GC invocations=267 (full 246):
 garbage-first heap   total 78848K, used 37699K [0x00000000c0000000, 0x0000000100000000)
  region size 1024K, 0 young (0K), 0 survivors (0K)
 Metaspace       used 59309K, committed 59712K, reserved 1114112K
  class space    used 7370K, committed 7552K, reserved 1048576K
}
Event: 2968.769 GC heap before
{Heap before GC invocations=267 (full 246):
 garbage-first heap   total 78848K, used 37699K [0x00000000c0000000, 0x0000000100000000)
  region size 1024K, 1 young (1024K), 0 survivors (0K)
 Metaspace       used 59309K, committed 59712K, reserved 1114112K
  class space    used 7370K, committed 7552K, reserved 1048576K
}
Event: 2968.827 GC heap after
{Heap after GC invocations=268 (full 247):
 garbage-first heap   total 78848K, used 37699K [0x00000000c0000000, 0x0000000100000000)
  region size 1024K, 0 young (0K), 0 survivors (0K)
 Metaspace       used 59309K, committed 59712K, reserved 1114112K
  class space    used 7370K, committed 7552K, reserved 1048576K
}
Event: 2979.114 GC heap before
{Heap before GC invocations=268 (full 247):
 garbage-first heap   total 78848K, used 37699K [0x00000000c0000000, 0x0000000100000000)
  region size 1024K, 1 young (1024K), 0 survivors (0K)
 Metaspace       used 59309K, committed 59712K, reserved 1114112K
  class space    used 7370K, committed 7552K, reserved 1048576K
}
Event: 2979.153 GC heap after
{Heap after GC invocations=269 (full 248):
 garbage-first heap   total 78848K, used 37699K [0x00000000c0000000, 0x0000000100000000)
  region size 1024K, 0 young (0K), 0 survivors (0K)
 Metaspace       used 59309K, committed 59712K, reserved 1114112K
  class space    used 7370K, committed 7552K, reserved 1048576K
}
Event: 2989.435 GC heap before
{Heap before GC invocations=269 (full 248):
 garbage-first heap   total 78848K, used 37699K [0x00000000c0000000, 0x0000000100000000)
  region size 1024K, 1 young (1024K), 0 survivors (0K)
 Metaspace       used 59309K, committed 59712K, reserved 1114112K
  class space    used 7370K, committed 7552K, reserved 1048576K
}
Event: 2989.477 GC heap after
{Heap after GC invocations=270 (full 249):
 garbage-first heap   total 78848K, used 37699K [0x00000000c0000000, 0x0000000100000000)
  region size 1024K, 0 young (0K), 0 survivors (0K)
 Metaspace       used 59309K, committed 59712K, reserved 1114112K
  class space    used 7370K, committed 7552K, reserved 1048576K
}
Event: 2999.790 GC heap before
{Heap before GC invocations=270 (full 249):
 garbage-first heap   total 78848K, used 37699K [0x00000000c0000000, 0x0000000100000000)
  region size 1024K, 1 young (1024K), 0 survivors (0K)
 Metaspace       used 59309K, committed 59712K, reserved 1114112K
  class space    used 7370K, committed 7552K, reserved 1048576K
}
Event: 2999.851 GC heap after
{Heap after GC invocations=271 (full 250):
 garbage-first heap   total 78848K, used 37699K [0x00000000c0000000, 0x0000000100000000)
  region size 1024K, 0 young (0K), 0 survivors (0K)
 Metaspace       used 59309K, committed 59712K, reserved 1114112K
  class space    used 7370K, committed 7552K, reserved 1048576K
}
Event: 3010.383 GC heap before
{Heap before GC invocations=271 (full 250):
 garbage-first heap   total 78848K, used 37699K [0x00000000c0000000, 0x0000000100000000)
  region size 1024K, 1 young (1024K), 0 survivors (0K)
 Metaspace       used 59309K, committed 59712K, reserved 1114112K
  class space    used 7370K, committed 7552K, reserved 1048576K
}
Event: 3010.471 GC heap after
{Heap after GC invocations=272 (full 251):
 garbage-first heap   total 78848K, used 37699K [0x00000000c0000000, 0x0000000100000000)
  region size 1024K, 0 young (0K), 0 survivors (0K)
 Metaspace       used 59309K, committed 59712K, reserved 1114112K
  class space    used 7370K, committed 7552K, reserved 1048576K
}
Event: 3020.753 GC heap before
{Heap before GC invocations=272 (full 251):
 garbage-first heap   total 78848K, used 37699K [0x00000000c0000000, 0x0000000100000000)
  region size 1024K, 1 young (1024K), 0 survivors (0K)
 Metaspace       used 59309K, committed 59712K, reserved 1114112K
  class space    used 7370K, committed 7552K, reserved 1048576K
}
Event: 3020.798 GC heap after
{Heap after GC invocations=273 (full 252):
 garbage-first heap   total 78848K, used 37699K [0x00000000c0000000, 0x0000000100000000)
  region size 1024K, 0 young (0K), 0 survivors (0K)
 Metaspace       used 59309K, committed 59712K, reserved 1114112K
  class space    used 7370K, committed 7552K, reserved 1048576K
}

