# JRE version: OpenJDK Runtime Environment Temurin-17.0.11+9 (17.0.11+9) (build 17.0.11+9)
# Java VM: OpenJDK 64-Bit Server VM Temurin-17.0.11+9 (17.0.11+9, mixed mode, emulated-client, tiered, compressed oops, compressed class ptrs, g1 gc, windows-amd64)
GC Precious Log:
 CPUs: 8 total, 8 available
 Memory: 6091M
 Large Page Support: Disabled
 NUMA Support: Disabled
 Compressed Oops: Enabled (32-bit)
 Heap Region Size: 1M
 Heap Min Capacity: 8M
 Heap Initial Capacity: 96M
 Heap Max Capacity: 1G
 Pre-touch: Disabled
 Parallel Workers: 8
 Concurrent Workers: 2
 Concurrent Refinement Workers: 8
 Periodic GC: Disabled
Heap:
 garbage-first heap   total 102400K, used 30228K [0x00000000c0000000, 0x0000000100000000)
  region size 1024K, 1 young (1024K), 0 survivors (0K)
 Metaspace       used 59070K, committed 59712K, reserved 1114112K
  class space    used 7304K, committed 7552K, reserved 1048576K
GC Heap History (20 events):
Event: 1612.804 GC heap before
{Heap before GC invocations=159 (full 140):
 garbage-first heap   total 102400K, used 30228K [0x00000000c0000000, 0x0000000100000000)
  region size 1024K, 1 young (1024K), 0 survivors (0K)
 Metaspace       used 59070K, committed 59712K, reserved 1114112K
  class space    used 7304K, committed 7552K, reserved 1048576K
}
Event: 1612.860 GC heap after
{Heap after GC invocations=160 (full 141):
 garbage-first heap   total 102400K, used 30228K [0x00000000c0000000, 0x0000000100000000)
  region size 1024K, 0 young (0K), 0 survivors (0K)
 Metaspace       used 59070K, committed 59712K, reserved 1114112K
  class space    used 7304K, committed 7552K, reserved 1048576K
}
Event: 1623.114 GC heap before
{Heap before GC invocations=160 (full 141):
 garbage-first heap   total 102400K, used 30228K [0x00000000c0000000, 0x0000000100000000)
  region size 1024K, 1 young (1024K), 0 survivors (0K)
 Metaspace       used 59070K, committed 59712K, reserved 1114112K
  class space    used 7304K, committed 7552K, reserved 1048576K
}
Event: 1623.153 GC heap after
{Heap after GC invocations=161 (full 142):
 garbage-first heap   total 102400K, used 30228K [0x00000000c0000000, 0x0000000100000000)
  region size 1024K, 0 young (0K), 0 survivors (0K)
 Metaspace       used 59070K, committed 59712K, reserved 1114112K
  class space    used 7304K, committed 7552K, reserved 1048576K
}
Event: 1633.462 GC heap before
{Heap before GC invocations=161 (full 142):
 garbage-first heap   total 102400K, used 30228K [0x00000000c0000000, 0x0000000100000000)
  region size 1024K, 1 young (1024K), 0 survivors (0K)
 Metaspace       used 59070K, committed 59712K, reserved 1114112K
  class space    used 7304K, committed 7552K, reserved 1048576K
}
Event: 1633.495 GC heap after
{Heap after GC invocations=162 (full 143):
 garbage-first heap   total 102400K, used 30228K [0x00000000c0000000, 0x0000000100000000)
  region size 1024K, 0 young (0K), 0 survivors (0K)
 Metaspace       used 59070K, committed 59712K, reserved 1114112K
  class space    used 7304K, committed 7552K, reserved 1048576K
}
Event: 1643.799 GC heap before
{Heap before GC invocations=162 (full 143):
 garbage-first heap   total 102400K, used 30228K [0x00000000c0000000, 0x0000000100000000)
  region size 1024K, 1 young (1024K), 0 survivors (0K)
 Metaspace       used 59070K, committed 59712K, reserved 1114112K
  class space    used 7304K, committed 7552K, reserved 1048576K
}
Event: 1643.838 GC heap after
{Heap after GC invocations=163 (full 144):
 garbage-first heap   total 102400K, used 30228K [0x00000000c0000000, 0x0000000100000000)
  region size 1024K, 0 young (0K), 0 survivors (0K)
 Metaspace       used 59070K, committed 59712K, reserved 1114112K
  class space    used 7304K, committed 7552K, reserved 1048576K
}
Event: 1654.075 GC heap before
{Heap before GC invocations=163 (full 144):
 garbage-first heap   total 102400K, used 30228K [0x00000000c0000000, 0x0000000100000000)
  region size 1024K, 1 young (1024K), 0 survivors (0K)
 Metaspace       used 59070K, committed 59712K, reserved 1114112K
  class space    used 7304K, committed 7552K, reserved 1048576K
}
Event: 1654.109 GC heap after
{Heap after GC invocations=164 (full 145):
 garbage-first heap   total 102400K, used 30228K [0x00000000c0000000, 0x0000000100000000)
  region size 1024K, 0 young (0K), 0 survivors (0K)
 Metaspace       used 59070K, committed 59712K, reserved 1114112K
  class space    used 7304K, committed 7552K, reserved 1048576K
}
Event: 1664.348 GC heap before
{Heap before GC invocations=164 (full 145):
 garbage-first heap   total 102400K, used 30228K [0x00000000c0000000, 0x0000000100000000)
  region size 1024K, 1 young (1024K), 0 survivors (0K)
 Metaspace       used 59070K, committed 59712K, reserved 1114112K
  class space    used 7304K, committed 7552K, reserved 1048576K
}
Event: 1664.386 GC heap after
{Heap after GC invocations=165 (full 146):
 garbage-first heap   total 102400K, used 30228K [0x00000000c0000000, 0x0000000100000000)
  region size 1024K, 0 young (0K), 0 survivors (0K)
 Metaspace       used 59070K, committed 59712K, reserved 1114112K
  class space    used 7304K, committed 7552K, reserved 1048576K
}
Event: 1674.778 GC heap before
{Heap before GC invocations=165 (full 146):
 garbage-first heap   total 102400K, used 30228K [0x00000000c0000000, 0x0000000100000000)
  region size 1024K, 1 young (1024K), 0 survivors (0K)
 Metaspace       used 59070K, committed 59712K, reserved 1114112K
  class space    used 7304K, committed 7552K, reserved 1048576K
}
Event: 1674.824 GC heap after
{Heap after GC invocations=166 (full 147):
 garbage-first heap   total 102400K, used 30228K [0x00000000c0000000, 0x0000000100000000)
  region size 1024K, 0 young (0K), 0 survivors (0K)
 Metaspace       used 59070K, committed 59712K, reserved 1114112K
  class space    used 7304K, committed 7552K, reserved 1048576K
}
Event: 1685.070 GC heap before
{Heap before GC invocations=166 (full 147):
 garbage-first heap   total 102400K, used 30228K [0x00000000c0000000, 0x0000000100000000)
  region size 1024K, 1 young (1024K), 0 survivors (0K)
 Metaspace       used 59070K, committed 59712K, reserved 1114112K
  class space    used 7304K, committed 7552K, reserved 1048576K
}
Event: 1685.104 GC heap after
{Heap after GC invocations=167 (full 148):
 garbage-first heap   total 102400K, used 30228K [0x00000000c0000000, 0x0000000100000000)
  region size 1024K, 0 young (0K), 0 survivors (0K)
 Metaspace       used 59070K, committed 59712K, reserved 1114112K
  class space    used 7304K, committed 7552K, reserved 1048576K
}
Event: 1696.808 GC heap before
{Heap before GC invocations=167 (full 148):
 garbage-first heap   total 102400K, used 30228K [0x00000000c0000000, 0x0000000100000000)
  region size 1024K, 1 young (1024K), 0 survivors (0K)
 Metaspace       used 59070K, committed 59712K, reserved 1114112K
  class space    used 7304K, committed 7552K, reserved 1048576K
}
Event: 1696.860 GC heap after
{Heap after GC invocations=168 (full 149):
 garbage-first heap   total 102400K, used 30228K [0x00000000c0000000, 0x0000000100000000)
  region size 1024K, 0 young (0K), 0 survivors (0K)
 Metaspace       used 59070K, committed 59712K, reserved 1114112K
  class space    used 7304K, committed 7552K, reserved 1048576K
}
Event: 1707.113 GC heap before
{Heap before GC invocations=168 (full 149):
 garbage-first heap   total 102400K, used 30228K [0x00000000c0000000, 0x0000000100000000)
  region size 1024K, 1 young (1024K), 0 survivors (0K)
 Metaspace       used 59070K, committed 59712K, reserved 1114112K
  class space    used 7304K, committed 7552K, reserved 1048576K
}
Event: 1707.150 GC heap after
{Heap after GC invocations=169 (full 150):
 garbage-first heap   total 102400K, used 30228K [0x00000000c0000000, 0x0000000100000000)
  region size 1024K, 0 young (0K), 0 survivors (0K)
 Metaspace       used 59070K, committed 59712K, reserved 1114112K
  class space    used 7304K, committed 7552K, reserved 1048576K
}

